[22:42:45] [ServerMain/INFO]: Environment: Environment[accountsHost=https://api.mojang.com, sessionHost=https://sessionserver.mojang.com, servicesHost=https://api.minecraftservices.com, name=PROD]
[22:42:45] [ServerMain/INFO]: Loaded 7 recipes
[22:42:45] [ServerMain/INFO]: Loaded 1271 advancements
[22:42:46] [Server thread/INFO]: Starting minecraft server version 1.20.2
[22:42:46] [Server thread/INFO]: Loading properties
[22:42:46] [Server thread/INFO]: Default game type: CREATIVE
[22:42:46] [Server thread/INFO]: Generating keypair
[22:42:46] [Server thread/INFO]: Starting Minecraft server on 127.0.0.1:25565
[22:42:46] [Server thread/INFO]: Using default channel type
[22:42:46] [Server thread/WARN]: **** SERVER IS RUNNING IN OFFLINE/INSECURE MODE!
[22:42:46] [Server thread/WARN]: The server will make no attempt to authenticate usernames. Beware.
[22:42:46] [Server thread/WARN]: While this makes the game possible to play without internet access, it also opens up the ability for hackers to connect with any username they choose.
[22:42:46] [Server thread/WARN]: To change this, set "online-mode" to "true" in the server.properties file.
[22:42:46] [Server thread/INFO]: Preparing level "world"
[22:42:46] [Server thread/INFO]: Preparing start region for dimension minecraft:overworld
[22:42:47] [Worker-Main-2/INFO]: Preparing spawn area: 0%
[22:42:47] [Worker-Main-2/INFO]: Preparing spawn area: 0%
[22:42:47] [Worker-Main-2/INFO]: Preparing spawn area: 0%
[22:42:47] [Server thread/INFO]: Time elapsed: 1334 ms
[22:42:47] [Server thread/INFO]: Done (1.673s)! For help, type "help"
[22:43:02] [Server thread/INFO]: MOPS_ABOBUS[/127.0.0.1:53568] logged in with entity id 141 at (-85.75750816135978, 74.16781826445899, 229.85404513418098)
[22:43:02] [Server thread/INFO]: MOPS_ABOBUS joined the game
